TN:
SF:app.js
FN:11,(anonymous_0)
FNF:1
FNH:1
FNDA:1,(anonymous_0)
DA:1,1
DA:2,1
DA:4,1
DA:6,1
DA:8,1
DA:9,1
DA:11,1
DA:12,1
DA:15,1
DA:17,1
LF:10
LH:10
BRF:0
BRH:0
end_of_record
TN:
SF:database/connect.js
FN:6,(anonymous_0)
FN:21,(anonymous_1)
FN:29,(anonymous_2)
FNF:3
FNH:3
FNDA:1,(anonymous_0)
FNDA:1,(anonymous_1)
FNDA:1,(anonymous_2)
DA:1,1
DA:6,1
DA:7,1
DA:8,1
DA:10,1
DA:12,1
DA:14,1
DA:16,0
DA:17,0
DA:21,1
DA:22,1
DA:23,0
DA:26,1
DA:29,1
DA:30,1
DA:31,1
DA:35,1
LF:17
LH:14
BRDA:22,0,0,0
BRDA:22,0,1,1
BRDA:30,1,0,1
BRDA:30,1,1,0
BRF:4
BRH:2
end_of_record
TN:
SF:routes/recipes.js
FN:17,(anonymous_0)
FN:55,(anonymous_1)
FNF:2
FNH:1
FNDA:1,(anonymous_0)
FNDA:0,(anonymous_1)
DA:1,1
DA:2,1
DA:3,1
DA:4,1
DA:17,1
DA:18,1
DA:19,1
DA:21,1
DA:26,1
DA:28,0
DA:30,0
DA:55,1
DA:56,0
DA:57,0
DA:59,0
DA:63,0
DA:64,0
DA:69,0
DA:71,0
DA:77,1
LF:20
LH:11
BRDA:63,0,0,0
BRDA:63,0,1,0
BRF:2
BRH:0
end_of_record
